{
  "RSpec": {
    "coverage": {
      "/Users/mmoore/Documents/Projects/backbeat/app.rb": [
        1,
        1,
        null,
        1,
        null,
        1,
        1,
        1,
        1,
        1,
        1,
        1,
        1,
        1,
        1,
        1
      ],
      "/Users/mmoore/Documents/Projects/backbeat/lib/api.rb": [
        1,
        1,
        1,
        1,
        1,
        1,
        1,
        1,
        null
      ],
      "/Users/mmoore/Documents/Projects/backbeat/lib/workflow_server.rb": [
        null,
        1,
        1,
        1,
        1,
        1,
        1,
        1,
        1,
        null,
        1,
        1,
        null,
        1,
        158,
        158,
        116,
        111,
        null,
        null,
        null,
        null,
        null,
        1,
        0,
        null,
        null,
        null,
        1,
        3,
        3,
        3,
        null,
        null,
        null,
        null,
        null,
        3,
        3,
        null,
        null,
        null,
        null
      ],
      "/Users/mmoore/Documents/Projects/backbeat/lib/workflow_server/config.rb": [
        1,
        1,
        1,
        3,
        null,
        null,
        1,
        1,
        null,
        null,
        1,
        1,
        null,
        null,
        1,
        2,
        null,
        null,
        1,
        0,
        null,
        null,
        1,
        1,
        null,
        1,
        1,
        null,
        0,
        0,
        null,
        0,
        null,
        0,
        null,
        0,
        null,
        null,
        0,
        null,
        null,
        null,
        1,
        1,
        null,
        1,
        null,
        0,
        null,
        null,
        null,
        null
      ],
      "/Users/mmoore/Documents/Projects/backbeat/lib/workflow_server/logger.rb": [
        1,
        1,
        null,
        1,
        3,
        null,
        null,
        1,
        5,
        376,
        null,
        null,
        null,
        null,
        1,
        598,
        90,
        null,
        0,
        null,
        90,
        null,
        598,
        null,
        null,
        1,
        418,
        1,
        1,
        null,
        null,
        null,
        1,
        1,
        null,
        null,
        418,
        null,
        null,
        null,
        1,
        1,
        5,
        42,
        null,
        null,
        null,
        null,
        1,
        1,
        1,
        418,
        null,
        null,
        null,
        null,
        null,
        null,
        null,
        null,
        null,
        1,
        1,
        0,
        null,
        null,
        null
      ],
      "/Users/mmoore/Documents/Projects/backbeat/lib/workflow_server/helper.rb": [
        1,
        1,
        1,
        1,
        1,
        1,
        null,
        null
      ],
      "/Users/mmoore/Documents/Projects/backbeat/lib/workflow_server/helper/hash_key_transformations.rb": [
        1,
        1,
        1,
        1,
        98,
        638,
        null,
        null,
        null,
        1,
        87,
        374,
        null,
        null,
        null,
        1,
        1374,
        236,
        1012,
        1012,
        0,
        null,
        null,
        1012,
        1012,
        null,
        null,
        148,
        177,
        null,
        null,
        0,
        null,
        null,
        1374,
        null,
        null,
        null,
        null
      ],
      "/Users/mmoore/Documents/Projects/backbeat/lib/workflow_server/helper/colorize.rb": [
        1,
        null,
        1,
        10,
        null,
        null,
        1,
        null,
        null,
        null,
        null,
        null,
        null,
        null,
        null,
        null,
        1,
        8,
        10,
        null,
        null,
        null,
        null
      ],
      "/Users/mmoore/Documents/Projects/backbeat/lib/workflow_server/helper/tree.rb": [
        1,
        null,
        1,
        10,
        10,
        null,
        null,
        1,
        5,
        5,
        2,
        null,
        5,
        8,
        null,
        null,
        null,
        1,
        0,
        null,
        null,
        1,
        20,
        null,
        null,
        1,
        null,
        1,
        12,
        null,
        null,
        1,
        11,
        11,
        4,
        null,
        11,
        null,
        null,
        1,
        1,
        null,
        1,
        20,
        20,
        null,
        null,
        1,
        5,
        null,
        null,
        1,
        null,
        1,
        5,
        null,
        null,
        1,
        5,
        null,
        0,
        null,
        0,
        null,
        0,
        null,
        5,
        null,
        null,
        null,
        null,
        null,
        null,
        null
      ],
      "/Users/mmoore/Documents/Projects/backbeat/lib/workflow_server/helper/delayed_job_index.rb": [
        1,
        1,
        1,
        1,
        null,
        null,
        1,
        null,
        null,
        null,
        null
      ],
      "/Users/mmoore/Documents/Projects/backbeat/lib/workflow_server/errors.rb": [
        1,
        null,
        1,
        null,
        null,
        1,
        null,
        null,
        1,
        null,
        null,
        1,
        null,
        null,
        1,
        1,
        4,
        4,
        null,
        1,
        3,
        null,
        null,
        null,
        1,
        null,
        null,
        1,
        null,
        null,
        1,
        1,
        1,
        3,
        3,
        null,
        null,
        null
      ],
      "/Users/mmoore/Documents/Projects/backbeat/lib/workflow_server/async.rb": [
        1,
        1,
        1,
        null,
        null
      ],
      "/Users/mmoore/Documents/Projects/backbeat/lib/workflow_server/async/job.rb": [
        1,
        1,
        1,
        1,
        1,
        2,
        null,
        null,
        1,
        368,
        368,
        null,
        null,
        null,
        1,
        null,
        null,
        null,
        0,
        0,
        null,
        null,
        null,
        1,
        4,
        null,
        null,
        1,
        31,
        null,
        null,
        null,
        null,
        null
      ],
      "/Users/mmoore/Documents/Projects/backbeat/lib/workflow_server/models.rb": [
        1,
        1,
        1,
        1,
        1,
        1,
        1,
        1,
        1,
        1,
        1,
        1,
        1,
        1,
        null,
        null
      ],
      "/Users/mmoore/Documents/Projects/backbeat/lib/workflow_server/models/events/event.rb": [
        1,
        1,
        1,
        1,
        1,
        1,
        1,
        1,
        null,
        599,
        1,
        1,
        1,
        null,
        1,
        null,
        1,
        1,
        1,
        1,
        null,
        1,
        1,
        null,
        1,
        8,
        null,
        null,
        1,
        null,
        1,
        14,
        null,
        null,
        1,
        249,
        242,
        242,
        242,
        242,
        242,
        null,
        null,
        null,
        1,
        0,
        null,
        null,
        1,
        154,
        null,
        null,
        1,
        0,
        null,
        null,
        1,
        35,
        35,
        35,
        35,
        null,
        null,
        1,
        7,
        7,
        7,
        7,
        null,
        null,
        1,
        0,
        0,
        0,
        0,
        null,
        null,
        1,
        null,
        null,
        null,
        1,
        3,
        2,
        2,
        null,
        null,
        null,
        1,
        2,
        1,
        1,
        null,
        null,
        null,
        1,
        10,
        null,
        null,
        1,
        196,
        196,
        7,
        null,
        189,
        null,
        196,
        null,
        null,
        1,
        0,
        null,
        null,
        null,
        1,
        null,
        null,
        null,
        null,
        null,
        null,
        null,
        null,
        null,
        null,
        null,
        null,
        null,
        1,
        35,
        null,
        null,
        1,
        35,
        280,
        35,
        null,
        null,
        1,
        60,
        null,
        null,
        1,
        19,
        null,
        null,
        1,
        5,
        5,
        null,
        null,
        1,
        13,
        null,
        null,
        1,
        15,
        null,
        null,
        1,
        182,
        182,
        null,
        1,
        1,
        null,
        1,
        null,
        1,
        17,
        null,
        0,
        0,
        0,
        null,
        0,
        null,
        17,
        206,
        null,
        null,
        null,
        null,
        null
      ],
      "/Users/mmoore/Documents/Projects/backbeat/lib/workflow_server/models/events/activity.rb": [
        1,
        1,
        1,
        null,
        1,
        1,
        1,
        1,
        1,
        1,
        1,
        null,
        null,
        1,
        1,
        1,
        null,
        1,
        null,
        1,
        null,
        1,
        346,
        1,
        null,
        null,
        null,
        1,
        19,
        19,
        19,
        null,
        1,
        null,
        1,
        7,
        5,
        5,
        null,
        null,
        1,
        10,
        10,
        1,
        1,
        null,
        9,
        9,
        null,
        null,
        null,
        null,
        1,
        14,
        12,
        12,
        null,
        null,
        10,
        8,
        8,
        null,
        8,
        8,
        8,
        null,
        null,
        1,
        5,
        5,
        5,
        3,
        null,
        2,
        2,
        null,
        null,
        null,
        null,
        null,
        1,
        18,
        null,
        null,
        1,
        0,
        null,
        null,
        1,
        5,
        null,
        null,
        1,
        19,
        18,
        null,
        12,
        10,
        6,
        null,
        4,
        2,
        null,
        2,
        null,
        null,
        null,
        1,
        5,
        5,
        3,
        null,
        2,
        null,
        null,
        null,
        1,
        10,
        6,
        null,
        null,
        1,
        8,
        4,
        2,
        null,
        null,
        null,
        null,
        1,
        null,
        1,
        11,
        null,
        null,
        1,
        3,
        3,
        3,
        null,
        0,
        null,
        3,
        null,
        null,
        1,
        9,
        null,
        5,
        null,
        null,
        null,
        1,
        10,
        10,
        10,
        8,
        null,
        null,
        1,
        12,
        null,
        null,
        1,
        12,
        null,
        null,
        1,
        1,
        1,
        null,
        null,
        null,
        null
      ],
      "/Users/mmoore/Documents/Projects/backbeat/lib/workflow_server/models/events/sub_activity.rb": [
        1,
        1,
        1,
        null,
        null,
        null,
        null,
        null,
        null
      ],
      "/Users/mmoore/Documents/Projects/backbeat/lib/workflow_server/models/events/branch.rb": [
        1,
        1,
        1,
        null,
        null,
        null,
        1,
        2,
        2,
        null,
        0,
        null,
        null,
        null,
        null,
        null
      ],
      "/Users/mmoore/Documents/Projects/backbeat/lib/workflow_server/models/events/decision.rb": [
        1,
        1,
        1,
        null,
        1,
        null,
        1,
        null,
        1,
        115,
        115,
        115,
        null,
        null,
        1,
        7,
        5,
        5,
        5,
        null,
        null,
        1,
        22,
        20,
        null,
        5,
        3,
        null,
        8,
        6,
        6,
        24,
        null,
        6,
        null,
        5,
        3,
        null,
        2,
        null,
        null,
        null,
        1,
        8,
        8,
        null,
        null,
        1,
        14,
        14,
        8,
        null,
        null,
        null,
        1,
        3,
        null,
        null,
        1,
        10,
        10,
        null,
        null,
        1,
        null,
        1,
        3,
        3,
        null,
        null,
        1,
        6,
        6,
        24,
        null,
        null,
        29,
        7,
        2,
        null,
        23,
        null,
        5,
        null,
        5,
        3,
        null,
        5,
        null,
        null,
        1,
        11,
        11,
        11,
        null,
        null,
        1,
        4,
        null,
        null,
        1,
        4,
        null,
        null,
        1,
        4,
        null,
        null,
        1,
        4,
        null,
        null,
        1,
        4,
        null,
        null,
        1,
        4,
        null,
        null,
        1,
        24,
        null,
        4,
        null,
        4,
        null,
        4,
        null,
        4,
        null,
        4,
        null,
        4,
        null,
        null,
        null,
        1,
        12,
        12,
        15,
        10,
        null,
        null,
        null,
        null,
        1,
        13,
        17,
        null,
        null,
        null,
        1,
        24,
        null,
        null,
        1,
        23,
        null,
        null,
        1,
        158,
        null,
        null,
        1,
        1,
        1,
        null,
        null,
        null,
        null,
        null
      ],
      "/Users/mmoore/Documents/Projects/backbeat/lib/workflow_server/models/events/flag.rb": [
        1,
        1,
        1,
        null,
        1,
        4,
        4,
        null,
        null,
        null,
        null,
        null
      ],
      "/Users/mmoore/Documents/Projects/backbeat/lib/workflow_server/models/events/workflow_complete_flag.rb": [
        1,
        1,
        1,
        null,
        1,
        0,
        0,
        null,
        null,
        null,
        null,
        null
      ],
      "/Users/mmoore/Documents/Projects/backbeat/lib/workflow_server/models/events/signal.rb": [
        1,
        1,
        1,
        null,
        1,
        null,
        1,
        11,
        11,
        11,
        null,
        null,
        1,
        0,
        null,
        null,
        null,
        null,
        null
      ],
      "/Users/mmoore/Documents/Projects/backbeat/lib/workflow_server/models/events/timer.rb": [
        1,
        1,
        1,
        1,
        null,
        1,
        null,
        1,
        2,
        2,
        2,
        null,
        null,
        1,
        1,
        1,
        null,
        null,
        null,
        null,
        null
      ],
      "/Users/mmoore/Documents/Projects/backbeat/lib/workflow_server/models/watchdog.rb": [
        1,
        1,
        1,
        1,
        1,
        null,
        1,
        1,
        null,
        1,
        1,
        null,
        1,
        null,
        1,
        null,
        1,
        8,
        8,
        null,
        0,
        null,
        null,
        1,
        1,
        1,
        null,
        1,
        1,
        1,
        null,
        1,
        0,
        0,
        null,
        null,
        1,
        1,
        45,
        45,
        null,
        null,
        45,
        45,
        45,
        null,
        null,
        1,
        23,
        23,
        12,
        null,
        11,
        null,
        null,
        null,
        1,
        1,
        1,
        null,
        1,
        53,
        null,
        null,
        1,
        1,
        null,
        1,
        51,
        null,
        null,
        1,
        1,
        null,
        null,
        null,
        null,
        null
      ],
      "/Users/mmoore/Documents/Projects/backbeat/lib/workflow_server/models/events/workflow.rb": [
        1,
        1,
        1,
        null,
        1,
        1,
        1,
        1,
        1,
        1,
        1,
        null,
        1,
        null,
        1,
        null,
        1,
        null,
        1,
        1,
        1,
        null,
        1,
        6,
        4,
        null,
        null,
        1,
        0,
        null,
        null,
        1,
        2,
        1,
        null,
        1,
        null,
        2,
        null,
        null,
        1,
        2,
        1,
        null,
        1,
        null,
        2,
        null,
        null,
        1,
        3,
        3,
        3,
        null,
        1,
        null,
        null,
        null,
        1,
        null,
        null,
        null,
        null,
        null,
        null,
        null,
        1,
        null,
        null,
        null,
        5,
        19,
        19,
        0,
        0,
        null,
        null,
        19,
        null,
        null,
        null,
        null,
        null,
        null,
        5,
        10,
        10,
        0,
        0,
        null,
        null,
        10,
        null,
        null,
        null,
        null,
        1,
        4,
        null,
        null,
        1,
        0,
        0,
        null,
        null,
        null,
        null,
        null,
        null
      ],
      "/Users/mmoore/Documents/Projects/backbeat/lib/workflow_server/models/user.rb": [
        1,
        1,
        null,
        null,
        1,
        1,
        1,
        null,
        null,
        null,
        281,
        null,
        null,
        null,
        1,
        null,
        null,
        null,
        1,
        null,
        null,
        null,
        1,
        null,
        null,
        null,
        null,
        1,
        null,
        1,
        null,
        null,
        null,
        null,
        1,
        0,
        0,
        0,
        null,
        null,
        null,
        null
      ],
      "/Users/mmoore/Documents/Projects/backbeat/lib/workflow_server/client.rb": [
        1,
        1,
        null,
        1,
        1,
        null,
        1,
        2,
        2,
        2,
        null,
        null,
        null,
        1,
        2,
        2,
        2,
        null,
        null,
        null,
        1,
        2,
        2,
        null,
        2,
        2,
        2,
        2,
        2,
        null,
        null,
        null,
        1,
        6,
        6,
        null,
        null,
        null
      ],
      "/Users/mmoore/Documents/Projects/backbeat/lib/workflow_server/version.rb": [
        null,
        1,
        1,
        null
      ],
      "/Users/mmoore/Documents/Projects/backbeat/lib/api/log.rb": [
        1,
        1,
        null,
        1,
        null,
        1,
        null,
        1,
        1,
        null,
        null,
        1,
        90,
        90,
        90,
        90,
        90,
        90,
        90,
        90,
        null,
        null,
        null
      ],
      "/Users/mmoore/Documents/Projects/backbeat/lib/api/health.rb": [
        1,
        1,
        null,
        1,
        3,
        null,
        null,
        1,
        92,
        3,
        null,
        89,
        89,
        null,
        null,
        null
      ],
      "/Users/mmoore/Documents/Projects/backbeat/lib/api/camel_json_formatter.rb": [
        1,
        1,
        1,
        null,
        1,
        0,
        0,
        null,
        0,
        null,
        0,
        null,
        null,
        1,
        0,
        0,
        null,
        0,
        0,
        null,
        null,
        null,
        null
      ],
      "/Users/mmoore/Documents/Projects/backbeat/lib/api/authenticate.rb": [
        1,
        1,
        1,
        4,
        null,
        null,
        1,
        91,
        91,
        88,
        88,
        null,
        null,
        null,
        null
      ],
      "/Users/mmoore/Documents/Projects/backbeat/lib/api/camel_case.rb": [
        1,
        1,
        1,
        4,
        null,
        null,
        1,
        91,
        91,
        89,
        178,
        88,
        88,
        88,
        null,
        null,
        null,
        91,
        null,
        null,
        1,
        null,
        1,
        176,
        null,
        null,
        1,
        0,
        null,
        null,
        null
      ],
      "/Users/mmoore/Documents/Projects/backbeat/lib/api/workflow.rb": [
        1,
        null,
        1,
        1,
        1,
        null,
        null,
        null,
        null,
        1,
        null,
        1,
        87,
        null,
        null,
        1,
        0,
        0,
        null,
        null,
        1,
        25,
        25,
        null,
        null,
        1,
        17,
        17,
        null,
        null,
        1,
        1,
        83,
        null,
        null,
        1,
        60,
        60,
        45,
        null,
        null,
        1,
        55,
        55,
        55,
        55,
        43,
        38,
        38,
        38,
        null,
        12,
        12,
        6,
        null,
        null,
        40,
        null,
        null,
        null,
        1,
        1,
        3,
        3,
        null,
        3,
        2,
        null,
        1,
        null,
        null,
        null,
        1,
        11,
        11,
        44,
        16,
        null,
        null,
        22,
        null,
        null,
        1,
        4,
        null,
        null,
        1,
        5,
        3,
        1,
        null,
        null,
        null,
        1,
        3,
        1,
        null,
        null,
        1,
        3,
        1,
        null,
        null,
        1,
        4,
        2,
        1,
        null,
        null,
        null,
        null,
        null,
        null,
        1,
        2,
        8,
        null,
        null,
        2,
        4,
        4,
        2,
        null,
        null,
        2,
        7,
        2,
        null,
        null,
        2,
        7,
        2,
        null,
        null,
        2,
        20,
        20,
        20,
        10,
        null,
        null,
        2,
        2,
        null,
        2,
        9,
        8,
        6,
        5,
        null,
        6,
        null,
        null,
        null,
        null,
        1,
        1,
        1,
        1,
        null,
        null,
        null,
        1,
        1,
        null,
        null,
        null
      ]
    },
    "timestamp": 1360737986
  }
}
